Removed Parameter Manufacturer:Diodes Inc. from Part D?
Removed Parameter Manufacturer:Diodes Inc. from Part D?
Removed Parameter Manufacturer:* from Part D?
Removed Parameter Manufacturer:* from Part D?
Removed Parameter Manufacturer:* from Part D?
Removed Parameter Manufacturer:* from Part D?
Removed Parameter PartNumber:B140-13-F from Part D?
Removed Parameter PartNumber:B360B-13-F from Part D?
Removed Parameter PartNumber:* from Part D?
Removed Parameter PartNumber:* from Part D?
Removed Parameter PartNumber:* from Part D?
Removed Parameter PartNumber:* from Part D?
Removed Parameter PartNumber:SS24FL from Part D?
Added Parameter Value=B140 to Part D?
Added Parameter Value=B360 to Part D?
Added Parameter Value=SS24FL to Part D?
Added Parameter Value= to Part D?
Added Parameter Value= to Part D?
Added Parameter Value= to Part D?
Added Parameter Value= to Part D?
