Removed Parameter Manufacturer:IDT from Part U?
Removed Parameter Manufacturer:Microchip from Part U?
Removed Parameter Manufacturer:Microchip from Part U?
Removed Parameter Manufacturer:Microchip from Part U?
Removed Parameter Manufacturer:ST Microelectronics from Part U?
Removed Parameter Manufacturer:ST Microelectronics from Part U?
Removed Parameter Manufacturer:Texas Instruments from Part U?
Removed Parameter Manufacturer:Texas Instruments from Part U?
Removed Parameter Manufacturer:Texas Instruments from Part U?
Removed Parameter Manufacturer:Texas Instruments from Part U?
Removed Parameter Manufacturer:Texas Instruments from Part U?
Removed Parameter Manufacturer:Texas Instruments from Part U?
Removed Parameter Mounting Technology:Surface Mount from Part U?
Removed Parameter Part Name:WM8804 from Part WM8804
Removed Parameter Part Number:TPS61175 from Part U?
Removed Parameter SubFamily:Step-Down Regulator from Part U?
Change Value of Parameter Value in Part U? Old=PartNumber New=Value
Change Value of Parameter Value in Part U? Old=PartNumber New=Value
Change Value of Parameter Value in Part U? Old=PartNumber New=Value
Change Value of Parameter Value in Part U? Old=PartNumber New=Value
Change Value of Parameter Value in Part U? Old=PartNumber New=Value
Change Value of Parameter Value in Part U? Old=PartNumber New=Value
Change Value of Parameter Value in Part U? Old=PartNumber New=Value
Change Value of Parameter Value in Part U? Old=PartNumber New=Value
Change Value of Parameter Value in Part U? Old=PartNumber New=Value
Change Value of Parameter Value in Part U? Old=PartNumber New=Value
Change Value of Parameter Value in Part U? Old=PartNumber New=Value
Added Parameter Value=ISL6251-QFN to Part U?
Added Parameter Value=ISL6255-QSOP to Part U?
Added Parameter Value=LP2985 to Part U?
Added Parameter Value=SGTL5000 to Part SGTL5000
Added Parameter Value=STA369BWS to Part U?
Added Parameter Value=TPS61175 to Part U?
Added Parameter Value=WM8786 to Part U?
Added Parameter Value=WM8804 to Part WM8804
