Added Parameter ReferencePart=C1608X7R1E224K080AC to Part C?
Added Parameter ReferencePart=C1608X7R1E334K080AC to Part C?
Added Parameter ReferencePart=C2012X7R1C105K125AA to Part C?
Added Parameter ReferencePart=C2012X7R1C225K125AB to Part C?
Added Parameter ReferencePart=C2012X7R1C335K125AB to Part C?
Added Parameter ReferencePart=C2012X7R1E474K125AA to Part C?
Added Parameter ReferencePart=C2012X7R1E684K125AB to Part C?
Added Parameter ReferencePart=C3216X7R1C106K160AC to Part C?
Added Parameter ReferencePart=C3216X7R1C475K085AB to Part C?
Added Parameter ReferencePart=CGA4J3X7R1C475K125AB to Part C?
Added Parameter ReferencePart= to Part L?
Added Parameter ReferencePart= to Part L?
Added Parameter ReferencePart= to Part C?
Added Parameter ReferencePart= to Part C?
Added Parameter ReferencePart= to Part C?
Added Parameter ReferencePart= to Part L?
Added Parameter ReferencePart= to Part L?
Added Parameter ReferencePart= to Part R?
Added Parameter ReferencePart= to Part R?
Added Parameter ReferencePart= to Part C?
Added Parameter ReferencePart= to Part C?
Added Parameter ReferencePart= to Part C?
Added Parameter ReferencePart= to Part L?
Added Parameter ReferencePart= to Part L?
Added Parameter ReferencePart= to Part C?
Added Parameter ReferencePart= to Part C?
Added Parameter ReferencePart= to Part C?
Added Parameter ReferencePart= to Part C?
Added Parameter ReferencePart= to Part C?
Added Parameter ReferencePart=VJ0603A100JXACW1BC to Part C?
Added Parameter ReferencePart=VJ0603A101JXACW1BC to Part C?
Added Parameter ReferencePart=VJ0603A120JXACW1BC to Part C?
Added Parameter ReferencePart=VJ0603A121JXACW1BC to Part C?
Added Parameter ReferencePart=VJ0603A150JXACW1BC to Part C?
Added Parameter ReferencePart=VJ0603A151JXACW1BC to Part C?
Added Parameter ReferencePart=VJ0603A180JXACW1BC to Part C?
Added Parameter ReferencePart=VJ0603A181JXACW1BC to Part C?
Added Parameter ReferencePart=VJ0603A220JXACW1BC to Part C?
Added Parameter ReferencePart=VJ0603A221JXACW1BC to Part C?
Added Parameter ReferencePart=VJ0603A270JXACW1BC to Part C?
Added Parameter ReferencePart=VJ0603A271JXACW1BC to Part C?
Added Parameter ReferencePart=VJ0603A330JXACW1BC to Part C?
Added Parameter ReferencePart=VJ0603A331JXACW1BC to Part C?
Added Parameter ReferencePart=VJ0603A390JXACW1BC to Part C?
Added Parameter ReferencePart=VJ0603A391JXACW1BC to Part C?
Added Parameter ReferencePart=VJ0603A470JXACW1BC to Part C?
Added Parameter ReferencePart=VJ0603A471JXACW1BC to Part C?
Added Parameter ReferencePart=VJ0603A560JXACW1BC to Part C?
Added Parameter ReferencePart=VJ0603A561JXACW1BC to Part C?
Added Parameter ReferencePart=VJ0603A680JXACW1BC to Part C?
Added Parameter ReferencePart=VJ0603A681JXACW1BC to Part C?
Added Parameter ReferencePart=VJ0603A820JXACW1BC to Part C?
Added Parameter ReferencePart=VJ0603A821JXACW1BC to Part C?
Added Parameter ReferencePart=VJ0603Y102KXACW1BC to Part C?
Added Parameter ReferencePart=VJ0603Y103KXACW1BC to Part C?
Added Parameter ReferencePart=VJ0603Y104KXXCW1BC to Part C?
Added Parameter ReferencePart=VJ0603Y122KXACW1BC to Part C?
Added Parameter ReferencePart=VJ0603Y123KXACW1BC to Part C?
Added Parameter ReferencePart=VJ0603Y152KXACW1BC to Part C?
Added Parameter ReferencePart=VJ0603Y153KXACW1BC to Part C?
Added Parameter ReferencePart=VJ0603Y182KXACW1BC to Part C?
Added Parameter ReferencePart=VJ0603Y183KXACW1BC to Part C?
Added Parameter ReferencePart=VJ0603Y222KXACW1BC to Part C?
Added Parameter ReferencePart=VJ0603Y223KXACW1BC to Part C?
Added Parameter ReferencePart=VJ0603Y272KXACW1BC to Part C?
Added Parameter ReferencePart=VJ0603Y273KXACW1BC to Part C?
Added Parameter ReferencePart=VJ0603Y332KXACW1BC to Part C?
Added Parameter ReferencePart=VJ0603Y333KXACW1BC to Part C?
Added Parameter ReferencePart=VJ0603Y392KXACW1BC to Part C?
Added Parameter ReferencePart=VJ0603Y393KXACW1BC to Part C?
Added Parameter ReferencePart=VJ0603Y472KXACW1BC to Part C?
Added Parameter ReferencePart=VJ0603Y473KXACW1BC to Part C?
Added Parameter ReferencePart=VJ0603Y562KXACW1BC to Part C?
Added Parameter ReferencePart=VJ0603Y563KXACW1BC to Part C?
Added Parameter ReferencePart=VJ0603Y682KXACW1BC to Part C?
Added Parameter ReferencePart=VJ0603Y683KXACW1BC to Part C?
Added Parameter ReferencePart=VJ0603Y822KXACW1BC to Part C?
Added Parameter ReferencePart=VJ0603Y823KXACW1BC to Part C?
