Removed Parameter Manufacturer:Bourns from Part L?
Removed Parameter Manufacturer:Bourns from Part L?
Removed Parameter Manufacturer:* from Part C?
Removed Parameter Manufacturer:* from Part C?
Removed Parameter Manufacturer:* from Part C?
Removed Parameter Manufacturer:* from Part L?
Removed Parameter Manufacturer:* from Part L?
Removed Parameter Manufacturer: from Part C?
Removed Parameter Manufacturer: from Part C?
Removed Parameter Manufacturer: from Part C?
Removed Parameter Manufacturer: from Part C?
Removed Parameter Manufacturer: from Part C?
Removed Parameter Manufacturer: from Part C?
Removed Parameter Manufacturer: from Part C?
Removed Parameter Manufacturer: from Part C?
Removed Parameter Manufacturer: from Part C?
Removed Parameter Manufacturer: from Part C?
Removed Parameter Manufacturer: from Part C?
Removed Parameter Manufacturer: from Part C?
Removed Parameter Manufacturer: from Part C?
Removed Parameter Manufacturer: from Part C?
Removed Parameter Manufacturer: from Part C?
Removed Parameter Manufacturer: from Part C?
Removed Parameter Manufacturer: from Part C?
Removed Parameter Manufacturer: from Part C?
Removed Parameter Manufacturer: from Part C?
Removed Parameter Manufacturer: from Part C?
Removed Parameter Manufacturer: from Part C?
Removed Parameter Manufacturer: from Part C?
Removed Parameter Manufacturer: from Part C?
Removed Parameter Manufacturer: from Part C?
Removed Parameter Manufacturer: from Part C?
Removed Parameter Manufacturer: from Part C?
Removed Parameter Manufacturer: from Part C?
Removed Parameter Manufacturer: from Part C?
Removed Parameter Manufacturer: from Part C?
Removed Parameter Manufacturer: from Part C?
Removed Parameter Manufacturer: from Part C?
Removed Parameter Manufacturer: from Part C?
Removed Parameter Manufacturer: from Part C?
Removed Parameter Manufacturer: from Part C?
Removed Parameter Manufacturer:Murata from Part L?
Removed Parameter Manufacturer:Murata from Part L?
Removed Parameter Manufacturer:United Chemi-Con from Part C?
Removed Parameter Manufacturer:United Chemi-Con from Part C?
Removed Parameter PartNumber:1255AY-4R7M from Part L?
Removed Parameter PartNumber:1255AY-100M from Part L?
Removed Parameter PartNumber:EMZR160ADA331MF80G from Part C?
Removed Parameter PartNumber:EMZR250ADA221MF80G from Part C?
Removed Parameter PartNumber:* from Part C?
Removed Parameter PartNumber:* from Part C?
Removed Parameter PartNumber:* from Part C?
Removed Parameter PartNumber:* from Part L?
Removed Parameter PartNumber:* from Part L?
Removed Parameter PartNumber: from Part C?
Removed Parameter PartNumber: from Part C?
Removed Parameter PartNumber: from Part C?
Removed Parameter PartNumber: from Part C?
Removed Parameter PartNumber: from Part C?
Removed Parameter PartNumber: from Part C?
Removed Parameter PartNumber: from Part C?
Removed Parameter PartNumber: from Part C?
Removed Parameter PartNumber: from Part C?
Removed Parameter PartNumber: from Part C?
Removed Parameter PartNumber: from Part C?
Removed Parameter PartNumber: from Part C?
Removed Parameter PartNumber: from Part C?
Removed Parameter PartNumber: from Part C?
Removed Parameter PartNumber: from Part C?
Removed Parameter PartNumber: from Part C?
Removed Parameter PartNumber: from Part C?
Removed Parameter PartNumber: from Part C?
Removed Parameter PartNumber: from Part C?
Removed Parameter PartNumber: from Part C?
Removed Parameter PartNumber: from Part C?
Removed Parameter PartNumber: from Part C?
Removed Parameter PartNumber: from Part C?
Removed Parameter PartNumber: from Part C?
Removed Parameter PartNumber: from Part C?
Removed Parameter PartNumber: from Part C?
Removed Parameter PartNumber: from Part C?
Removed Parameter PartNumber: from Part C?
Removed Parameter PartNumber: from Part C?
Removed Parameter PartNumber: from Part C?
Removed Parameter PartNumber: from Part C?
Removed Parameter PartNumber: from Part C?
Removed Parameter PartNumber: from Part C?
Removed Parameter PartNumber: from Part C?
Removed Parameter PartNumber:SDR1307-120ML from Part L?
Removed Parameter PartNumber:SRN4018-3R3M from Part L?
