Change Value of Parameter Manufacturer in Part C? Old=TDK New=
Change Value of Parameter PartNumber in Part C? Old=C2012X7R1C105K125AA New=
Change Value of Parameter Manufacturer in Part C? Old=TDK New=
Change Value of Parameter PartNumber in Part C? Old=C2012X7R1E474K125AA New=
Change Value of Parameter Manufacturer in Part C? Old=TDK New=
Change Value of Parameter PartNumber in Part C? Old=C2012X7R1E684K125AB New=
Change Value of Parameter Manufacturer in Part C? Old=TDK New=
Change Value of Parameter PartNumber in Part C? Old=C3216X7R1C106K160AC New=
Change Value of Parameter Manufacturer in Part C? Old=TDK New=
Change Value of Parameter PartNumber in Part C? Old=C3216X7R1C475K085AB New=
Change Value of Parameter Manufacturer in Part C? Old=TDK New=
Change Value of Parameter PartNumber in Part C? Old=CGA4J3X7R1C475K125AB New=
Change Value of Parameter Manufacturer in Part C? Old=Vishay New=
Change Value of Parameter PartNumber in Part C? Old=VJ0603Y103KXACW1BC New=
Change Value of Parameter Manufacturer in Part C? Old=Vishay New=
Change Value of Parameter PartNumber in Part C? Old=VJ0603Y123KXACW1BC New=
Change Value of Parameter Manufacturer in Part C? Old=Vishay New=
Change Value of Parameter PartNumber in Part C? Old=VJ0603Y153KXACW1BC New=
Change Value of Parameter Manufacturer in Part C? Old=Vishay New=
Change Value of Parameter PartNumber in Part C? Old=VJ0603Y183KXACW1BC New=
Change Value of Parameter Manufacturer in Part C? Old=Vishay New=
Change Value of Parameter PartNumber in Part C? Old=VJ0603Y223KXACW1BC New=
Change Value of Parameter Manufacturer in Part C? Old=Vishay New=
Change Value of Parameter PartNumber in Part C? Old=VJ0603Y272KXACW1BC New=
Change Value of Parameter Manufacturer in Part C? Old=Vishay New=
Change Value of Parameter PartNumber in Part C? Old=VJ0603Y273KXACW1BC New=
Change Value of Parameter Manufacturer in Part C? Old=Vishay New=
Change Value of Parameter PartNumber in Part C? Old=VJ0603Y332KXACW1BC New=
Change Value of Parameter Manufacturer in Part C? Old=Vishay New=
Change Value of Parameter PartNumber in Part C? Old=VJ0603Y333KXACW1BC New=
Change Value of Parameter Manufacturer in Part C? Old=Vishay New=
Change Value of Parameter PartNumber in Part C? Old=VJ0603Y392KXACW1BC New=
Change Value of Parameter Manufacturer in Part C? Old=Vishay New=
Change Value of Parameter PartNumber in Part C? Old=VJ0603Y393KXACW1BC New=
Change Value of Parameter Manufacturer in Part C? Old=Vishay New=
Change Value of Parameter PartNumber in Part C? Old=VJ0603Y472KXACW1BC New=
Change Value of Parameter Manufacturer in Part C? Old=Vishay New=
Change Value of Parameter PartNumber in Part C? Old=VJ0603Y393KXACW1BC New=
Change Value of Parameter Manufacturer in Part C? Old=Vishay New=
Change Value of Parameter PartNumber in Part C? Old=VJ0603Y562KXACW1BC New=
Change Value of Parameter Manufacturer in Part C? Old=Vishay New=
Change Value of Parameter PartNumber in Part C? Old=VJ0603Y563KXACW1BC New=
Change Value of Parameter Manufacturer in Part C? Old=Vishay New=
Change Value of Parameter PartNumber in Part C? Old=VJ0603Y682KXACW1BC New=
Change Value of Parameter Manufacturer in Part C? Old=Vishay New=
Change Value of Parameter PartNumber in Part C? Old=VJ0603Y683KXACW1BC New=
Change Value of Parameter Manufacturer in Part C? Old=Vishay New=
Change Value of Parameter PartNumber in Part C? Old=VJ0603Y822KXACW1BC New=
Change Value of Parameter Manufacturer in Part C? Old=Vishay New=
Change Value of Parameter PartNumber in Part C? Old=VJ0603Y823KXACW1BC New=
Added Parameter Manufacturer= to Part C?
Added Parameter Manufacturer= to Part C?
Added Parameter Manufacturer= to Part C?
Added Parameter Manufacturer= to Part C?
Added Parameter Manufacturer= to Part C?
Added Parameter Manufacturer= to Part C?
Added Parameter Manufacturer= to Part C?
Added Parameter PartNumber= to Part C?
Added Parameter PartNumber= to Part C?
Added Parameter PartNumber= to Part C?
Added Parameter PartNumber= to Part C?
Added Parameter PartNumber= to Part C?
Added Parameter PartNumber= to Part C?
Added Parameter PartNumber= to Part C?
