Removed Parameter Manufacturer:CUI from Part J?
Removed Parameter Manufacturer:CUI from Part J?
Removed Parameter Manufacturer:CUI from Part J?
Removed Parameter Manufacturer: from Part BT?
Removed Parameter Manufacturer:* from Part J?
Removed Parameter Manufacturer:* from Part J?
Removed Parameter Manufacturer:JST from Part J?
Removed Parameter Manufacturer:JST from Part J?
Removed Parameter Manufacturer:JST from Part J?
Removed Parameter Manufacturer:JST from Part J?
Removed Parameter Manufacturer:JST from Part J?
Removed Parameter Manufacturer:JST from Part J?
Removed Parameter Manufacturer:MPD (Memory Protection Devices) from Part BT?
Removed Parameter Manufacturer:Switchcraft from Part J?
Removed Parameter Manufacturer:TE Connectivity from Part J?
Removed Parameter Manufacturer:TE Connectivity from Part J?
Removed Parameter PartNumber:35RASMT4BHNTRX from Part J?
Removed Parameter PartNumber:1932638-3 from Part J?
Removed Parameter PartNumber:2013499-1 from Part J?
Removed Parameter PartNumber:B2B-PH-KL from Part J?
Removed Parameter PartNumber:B2B-XH-A from Part J?
Removed Parameter PartNumber:B3B-PH-KL from Part J?
Removed Parameter PartNumber:B3B-XH-A from Part J?
Removed Parameter PartNumber:B4B-PH-KL from Part J?
Removed Parameter PartNumber:B4B-XH-A from Part J?
Removed Parameter PartNumber:BHX1-2450-SM from Part BT?
Removed Parameter PartNumber: from Part BT?
Removed Parameter PartNumber:* from Library 
Removed Parameter PartNumber:* from Part J?
Removed Parameter PartNumber:PJ-037A from Part J?
Removed Parameter PartNumber:PJ-037B from Part J?
Removed Parameter PartNumber:SJ-43516-SMT-TR from Part J?
Added Parameter Label= to Part J?
Added Parameter Label= to Part BT?
Added Parameter Label= to Part BT?
Added Parameter Label= to Part J?
Added Parameter Label= to Part J?
Added Parameter Label= to Part J?
Added Parameter Label= to Part J?
Added Parameter Label= to Part J?
Added Parameter Label= to Part J?
Added Parameter Label= to Part J?
Added Parameter Label= to Part J?
Added Parameter Label= to Part J?
Added Parameter Label= to Part J?
Added Parameter Label= to Part J?
Added Parameter Label= to Part J?
Added Parameter Label= to Part J?
Added Parameter Label= to Part J?
Added Parameter Label= to Part J?
Added Parameter Label= to Part J?
Added Parameter Label= to Part J?
Added Parameter Label= to Part J?
Added Parameter Label= to Part J?
Added Parameter Label= to Part J?
Added Parameter Label= to Part J?
Added Parameter Label= to Part J?
Added Parameter Label= to Part J?
Added Parameter Label= to Part J?
Added Parameter Label= to Part J?
Added Parameter Value=35RASMT4BHNTRX to Part J?
Added Parameter Value=1932638-3 to Part J?
Added Parameter Value=2013499-1 to Part J?
Added Parameter Value=B2B-PH-KL to Part J?
Added Parameter Value=B2B-XH-A to Part J?
Added Parameter Value=B3B-PH-KL to Part J?
Added Parameter Value=B3B-XH-A to Part J?
Added Parameter Value=B4B-PH-KL to Part J?
Added Parameter Value=B4B-XH-A to Part J?
Added Parameter Value=BHX1-2450-SM to Part BT?
Added Parameter Value=PJ-037A to Part J?
Added Parameter Value=PJ-037B to Part J?
Added Parameter Value=SJ-43516-SMT-TR to Part J?
Added Parameter Value= to Part BT?
Added Parameter Value= to Part J?
Added Parameter Value= to Part J?
Added Parameter Value= to Part J?
Added Parameter Value= to Part J?
Added Parameter Value= to Part J?
Added Parameter Value= to Part J?
Added Parameter Value= to Part J?
Added Parameter Value= to Part J?
Added Parameter Value= to Part J?
Added Parameter Value= to Part J?
Added Parameter Value= to Part J?
Added Parameter Value= to Part J?
Added Parameter Value= to Part J?
Added Parameter Value= to Part J?
Added Parameter Value= to Part J?
Added Parameter Value= to Part J?
Added Parameter Value= to Part J?
Added Parameter Value= to Part J?
