Removed Parameter LatestRevisionDate:17-Jul-2002 from Part S?
Removed Parameter LatestRevisionNote:Re-released for DXP Platform. from Part S?
Removed Parameter Manufacturer:Bourns from Part EC?
Removed Parameter Manufacturer:C&K Components from Part S?
Removed Parameter Manufacturer:C&K Components from Part S?
Removed Parameter Manufacturer:* from Part S?
Removed Parameter Manufacturer:* from Part S?
Removed Parameter Manufacturer:* from Part S?
Removed Parameter Manufacturer:Wurth Electronics from Part S?
Removed Parameter PackageDescription:Switch; 2 Leads from Part S?
Removed Parameter PackageReference:SPST-2 from Part S?
Removed Parameter PartNumber:418117270901 from Part S?
Removed Parameter PartNumber:* from Part S?
Removed Parameter PartNumber:* from Part S?
Removed Parameter PartNumber:* from Part S?
Removed Parameter PartNumber:PEC11S-929K-S0015 from Part EC?
Removed Parameter PartNumber:PTS635SH43SMTRLFS from Part S?
Removed Parameter PartNumber:PTS645SM43SMTR 92 LFS from Part S?
Removed Parameter Published:24-Mar-1999 from Part S?
Removed Parameter Publisher:Altium Limited from Part S?
Added Parameter Label= to Part EC?
Added Parameter Label= to Part S?
Added Parameter Value=418117270901 to Part S?
Added Parameter Value=PEC11S-929K-S0015 to Part EC?
Added Parameter Value=PTS635SH43SMTRLFS to Part S?
Added Parameter Value=PTS645SM43SMTR 92 LFS to Part S?
Added Parameter Value= to Part S?
Added Parameter Value= to Part S?
Added Parameter Value= to Part S?
Added Parameter Value= to Part S?
